2020-05-17 18:08:52.619 [restartedMain] INFO  com.chaining.iot.WxstcGatewayApplication - Starting WxstcGatewayApplication on chaining with PID 19648 (D:\workSpaces\idea\wxstcgateway\target\classes started by ningc in D:\workSpaces\idea\wxstcgateway)
2020-05-17 18:08:52.650 [restartedMain] INFO  com.chaining.iot.WxstcGatewayApplication - The following profiles are active: druid
2020-05-17 18:08:54.817 [restartedMain] INFO  o.s.boot.web.embedded.tomcat.TomcatWebServer - Tomcat initialized with port(s): 8080 (http)
2020-05-17 18:08:54.833 [restartedMain] INFO  org.apache.coyote.http11.Http11NioProtocol - Initializing ProtocolHandler ["http-nio-8080"]
2020-05-17 18:08:54.840 [restartedMain] INFO  org.apache.catalina.core.StandardService - Starting service [Tomcat]
2020-05-17 18:08:54.841 [restartedMain] INFO  org.apache.catalina.core.StandardEngine - Starting Servlet engine: [Apache Tomcat/9.0.21]
2020-05-17 18:08:54.846 [restartedMain] INFO  org.apache.catalina.core.AprLifecycleListener - An older version [1.2.16] of the APR based Apache Tomcat Native library is installed, while Tomcat recommends a minimum version of [1.2.21]
2020-05-17 18:08:54.846 [restartedMain] INFO  org.apache.catalina.core.AprLifecycleListener - Loaded APR based Apache Tomcat Native library [1.2.16] using APR version [1.6.3].
2020-05-17 18:08:54.846 [restartedMain] INFO  org.apache.catalina.core.AprLifecycleListener - APR capabilities: IPv6 [true], sendfile [true], accept filters [false], random [true].
2020-05-17 18:08:54.846 [restartedMain] INFO  org.apache.catalina.core.AprLifecycleListener - APR/OpenSSL configuration: useAprConnector [false], useOpenSSL [true]
2020-05-17 18:08:55.939 [restartedMain] INFO  org.apache.catalina.core.AprLifecycleListener - OpenSSL successfully initialized [OpenSSL 1.0.2m  2 Nov 2017]
2020-05-17 18:08:56.133 [restartedMain] INFO  o.a.c.core.ContainerBase.[Tomcat].[localhost].[/] - Initializing Spring embedded WebApplicationContext
2020-05-17 18:08:56.133 [restartedMain] INFO  org.springframework.web.context.ContextLoader - Root WebApplicationContext: initialization completed in 3324 ms
2020-05-17 18:08:56.593 [restartedMain] INFO  c.a.d.s.b.a.DruidDataSourceAutoConfigure - Init DruidDataSource
2020-05-17 18:09:01.310 [restartedMain] INFO  com.alibaba.druid.pool.DruidDataSource - {dataSource-1} inited
2020-05-17 18:09:01.328 [restartedMain] INFO  org.apache.catalina.core.StandardService - Stopping service [Tomcat]
2020-05-17 18:09:01.347 [restartedMain] INFO  o.s.b.a.l.ConditionEvaluationReportLoggingListener - 

Error starting ApplicationContext. To display the conditions report re-run your application with 'debug' enabled.
2020-05-17 18:11:39.985 [restartedMain] INFO  com.chaining.iot.WxstcGatewayApplication - Starting WxstcGatewayApplication on chaining with PID 560 (D:\workSpaces\idea\wxstcgateway\target\classes started by ningc in D:\workSpaces\idea\wxstcgateway)
2020-05-17 18:11:39.986 [restartedMain] INFO  com.chaining.iot.WxstcGatewayApplication - The following profiles are active: druid
2020-05-17 18:11:41.120 [restartedMain] INFO  o.s.boot.web.embedded.tomcat.TomcatWebServer - Tomcat initialized with port(s): 8080 (http)
2020-05-17 18:11:41.132 [restartedMain] INFO  org.apache.coyote.http11.Http11NioProtocol - Initializing ProtocolHandler ["http-nio-8080"]
2020-05-17 18:11:41.139 [restartedMain] INFO  org.apache.catalina.core.StandardService - Starting service [Tomcat]
2020-05-17 18:11:41.139 [restartedMain] INFO  org.apache.catalina.core.StandardEngine - Starting Servlet engine: [Apache Tomcat/9.0.21]
2020-05-17 18:11:41.144 [restartedMain] INFO  org.apache.catalina.core.AprLifecycleListener - An older version [1.2.16] of the APR based Apache Tomcat Native library is installed, while Tomcat recommends a minimum version of [1.2.21]
2020-05-17 18:11:41.144 [restartedMain] INFO  org.apache.catalina.core.AprLifecycleListener - Loaded APR based Apache Tomcat Native library [1.2.16] using APR version [1.6.3].
2020-05-17 18:11:41.145 [restartedMain] INFO  org.apache.catalina.core.AprLifecycleListener - APR capabilities: IPv6 [true], sendfile [true], accept filters [false], random [true].
2020-05-17 18:11:41.145 [restartedMain] INFO  org.apache.catalina.core.AprLifecycleListener - APR/OpenSSL configuration: useAprConnector [false], useOpenSSL [true]
2020-05-17 18:11:42.215 [restartedMain] INFO  org.apache.catalina.core.AprLifecycleListener - OpenSSL successfully initialized [OpenSSL 1.0.2m  2 Nov 2017]
2020-05-17 18:11:42.298 [restartedMain] INFO  o.a.c.core.ContainerBase.[Tomcat].[localhost].[/] - Initializing Spring embedded WebApplicationContext
2020-05-17 18:11:42.298 [restartedMain] INFO  org.springframework.web.context.ContextLoader - Root WebApplicationContext: initialization completed in 2268 ms
2020-05-17 18:11:42.470 [restartedMain] INFO  c.a.d.s.b.a.DruidDataSourceAutoConfigure - Init DruidDataSource
2020-05-17 18:11:43.220 [restartedMain] INFO  com.alibaba.druid.pool.DruidDataSource - {dataSource-1} inited
2020-05-17 18:11:43.671 [restartedMain] INFO  o.s.scheduling.concurrent.ThreadPoolTaskExecutor - Initializing ExecutorService 'applicationTaskExecutor'
2020-05-17 18:11:43.849 [restartedMain] INFO  o.s.b.a.web.servlet.WelcomePageHandlerMapping - Adding welcome page template: index
2020-05-17 18:11:44.015 [restartedMain] INFO  o.s.b.d.autoconfigure.OptionalLiveReloadServer - LiveReload server is running on port 35729
2020-05-17 18:11:44.056 [restartedMain] INFO  org.apache.coyote.http11.Http11NioProtocol - Starting ProtocolHandler ["http-nio-8080"]
2020-05-17 18:11:44.079 [restartedMain] INFO  o.s.boot.web.embedded.tomcat.TomcatWebServer - Tomcat started on port(s): 8080 (http) with context path ''
2020-05-17 18:11:44.082 [restartedMain] INFO  com.chaining.iot.WxstcGatewayApplication - Started WxstcGatewayApplication in 4.608 seconds (JVM running for 5.839)
2020-05-17 18:11:44.975 [Thread-19] INFO  com.chaining.iot.nettyserver.netty.NettyServer - Iot started: /0:0:0:0:0:0:0:0:7777
2020-05-17 18:11:47.901 [http-nio-8080-exec-2] INFO  o.a.c.core.ContainerBase.[Tomcat].[localhost].[/] - Initializing Spring DispatcherServlet 'dispatcherServlet'
2020-05-17 18:11:47.902 [http-nio-8080-exec-2] INFO  org.springframework.web.servlet.DispatcherServlet - Initializing Servlet 'dispatcherServlet'
2020-05-17 18:11:47.908 [http-nio-8080-exec-2] INFO  org.springframework.web.servlet.DispatcherServlet - Completed initialization in 6 ms
2020-05-17 18:21:03.800 [restartedMain] INFO  com.chaining.iot.WxstcGatewayApplication - Starting WxstcGatewayApplication on chaining with PID 17988 (D:\workSpaces\idea\wxstcgateway\target\classes started by ningc in D:\workSpaces\idea\wxstcgateway)
2020-05-17 18:21:03.801 [restartedMain] INFO  com.chaining.iot.WxstcGatewayApplication - The following profiles are active: druid
2020-05-17 18:21:05.116 [restartedMain] INFO  o.s.boot.web.embedded.tomcat.TomcatWebServer - Tomcat initialized with port(s): 8080 (http)
2020-05-17 18:21:05.131 [restartedMain] INFO  org.apache.coyote.http11.Http11NioProtocol - Initializing ProtocolHandler ["http-nio-8080"]
2020-05-17 18:21:05.139 [restartedMain] INFO  org.apache.catalina.core.StandardService - Starting service [Tomcat]
2020-05-17 18:21:05.140 [restartedMain] INFO  org.apache.catalina.core.StandardEngine - Starting Servlet engine: [Apache Tomcat/9.0.21]
2020-05-17 18:21:05.144 [restartedMain] INFO  org.apache.catalina.core.AprLifecycleListener - An older version [1.2.16] of the APR based Apache Tomcat Native library is installed, while Tomcat recommends a minimum version of [1.2.21]
2020-05-17 18:21:05.145 [restartedMain] INFO  org.apache.catalina.core.AprLifecycleListener - Loaded APR based Apache Tomcat Native library [1.2.16] using APR version [1.6.3].
2020-05-17 18:21:05.145 [restartedMain] INFO  org.apache.catalina.core.AprLifecycleListener - APR capabilities: IPv6 [true], sendfile [true], accept filters [false], random [true].
2020-05-17 18:21:05.145 [restartedMain] INFO  org.apache.catalina.core.AprLifecycleListener - APR/OpenSSL configuration: useAprConnector [false], useOpenSSL [true]
2020-05-17 18:21:06.218 [restartedMain] INFO  org.apache.catalina.core.AprLifecycleListener - OpenSSL successfully initialized [OpenSSL 1.0.2m  2 Nov 2017]
2020-05-17 18:21:06.322 [restartedMain] INFO  o.a.c.core.ContainerBase.[Tomcat].[localhost].[/] - Initializing Spring embedded WebApplicationContext
2020-05-17 18:21:06.322 [restartedMain] INFO  org.springframework.web.context.ContextLoader - Root WebApplicationContext: initialization completed in 2473 ms
2020-05-17 18:21:06.518 [restartedMain] INFO  c.a.d.s.b.a.DruidDataSourceAutoConfigure - Init DruidDataSource
2020-05-17 18:21:07.095 [restartedMain] INFO  com.alibaba.druid.pool.DruidDataSource - {dataSource-1} inited
2020-05-17 18:21:07.563 [restartedMain] INFO  o.s.scheduling.concurrent.ThreadPoolTaskExecutor - Initializing ExecutorService 'applicationTaskExecutor'
2020-05-17 18:21:07.688 [restartedMain] INFO  o.s.b.a.web.servlet.WelcomePageHandlerMapping - Adding welcome page template: index
2020-05-17 18:21:07.857 [restartedMain] INFO  o.s.b.d.autoconfigure.OptionalLiveReloadServer - LiveReload server is running on port 35729
2020-05-17 18:21:07.900 [restartedMain] INFO  org.apache.coyote.http11.Http11NioProtocol - Starting ProtocolHandler ["http-nio-8080"]
2020-05-17 18:21:07.914 [restartedMain] INFO  o.s.boot.web.embedded.tomcat.TomcatWebServer - Tomcat started on port(s): 8080 (http) with context path ''
2020-05-17 18:21:07.916 [restartedMain] INFO  com.chaining.iot.WxstcGatewayApplication - Started WxstcGatewayApplication in 4.688 seconds (JVM running for 6.128)
2020-05-17 18:21:08.719 [Thread-18] INFO  com.chaining.iot.nettyserver.netty.NettyServer - Iot started: /0:0:0:0:0:0:0:0:7777
2020-05-17 18:21:15.276 [http-nio-8080-exec-2] INFO  o.a.c.core.ContainerBase.[Tomcat].[localhost].[/] - Initializing Spring DispatcherServlet 'dispatcherServlet'
2020-05-17 18:21:15.276 [http-nio-8080-exec-2] INFO  org.springframework.web.servlet.DispatcherServlet - Initializing Servlet 'dispatcherServlet'
2020-05-17 18:21:15.282 [http-nio-8080-exec-2] INFO  org.springframework.web.servlet.DispatcherServlet - Completed initialization in 6 ms
2020-05-17 18:23:39.395 [restartedMain] INFO  com.chaining.iot.WxstcGatewayApplication - Starting WxstcGatewayApplication on chaining with PID 5432 (D:\workSpaces\idea\wxstcgateway\target\classes started by ningc in D:\workSpaces\idea\wxstcgateway)
2020-05-17 18:23:39.396 [restartedMain] INFO  com.chaining.iot.WxstcGatewayApplication - The following profiles are active: druid
2020-05-17 18:23:40.490 [restartedMain] INFO  o.s.boot.web.embedded.tomcat.TomcatWebServer - Tomcat initialized with port(s): 8080 (http)
2020-05-17 18:23:40.501 [restartedMain] INFO  org.apache.coyote.http11.Http11NioProtocol - Initializing ProtocolHandler ["http-nio-8080"]
2020-05-17 18:23:40.507 [restartedMain] INFO  org.apache.catalina.core.StandardService - Starting service [Tomcat]
2020-05-17 18:23:40.508 [restartedMain] INFO  org.apache.catalina.core.StandardEngine - Starting Servlet engine: [Apache Tomcat/9.0.21]
2020-05-17 18:23:40.512 [restartedMain] INFO  org.apache.catalina.core.AprLifecycleListener - An older version [1.2.16] of the APR based Apache Tomcat Native library is installed, while Tomcat recommends a minimum version of [1.2.21]
2020-05-17 18:23:40.512 [restartedMain] INFO  org.apache.catalina.core.AprLifecycleListener - Loaded APR based Apache Tomcat Native library [1.2.16] using APR version [1.6.3].
2020-05-17 18:23:40.513 [restartedMain] INFO  org.apache.catalina.core.AprLifecycleListener - APR capabilities: IPv6 [true], sendfile [true], accept filters [false], random [true].
2020-05-17 18:23:40.513 [restartedMain] INFO  org.apache.catalina.core.AprLifecycleListener - APR/OpenSSL configuration: useAprConnector [false], useOpenSSL [true]
2020-05-17 18:23:41.574 [restartedMain] INFO  org.apache.catalina.core.AprLifecycleListener - OpenSSL successfully initialized [OpenSSL 1.0.2m  2 Nov 2017]
2020-05-17 18:23:41.661 [restartedMain] INFO  o.a.c.core.ContainerBase.[Tomcat].[localhost].[/] - Initializing Spring embedded WebApplicationContext
2020-05-17 18:23:41.661 [restartedMain] INFO  org.springframework.web.context.ContextLoader - Root WebApplicationContext: initialization completed in 2215 ms
2020-05-17 18:23:41.854 [restartedMain] INFO  c.a.d.s.b.a.DruidDataSourceAutoConfigure - Init DruidDataSource
2020-05-17 18:23:42.474 [restartedMain] INFO  com.alibaba.druid.pool.DruidDataSource - {dataSource-1} inited
2020-05-17 18:23:42.775 [restartedMain] INFO  o.s.scheduling.concurrent.ThreadPoolTaskExecutor - Initializing ExecutorService 'applicationTaskExecutor'
2020-05-17 18:23:42.885 [restartedMain] INFO  o.s.b.a.web.servlet.WelcomePageHandlerMapping - Adding welcome page template: index
2020-05-17 18:23:43.025 [restartedMain] INFO  o.s.b.d.autoconfigure.OptionalLiveReloadServer - LiveReload server is running on port 35729
2020-05-17 18:23:43.056 [restartedMain] INFO  org.apache.coyote.http11.Http11NioProtocol - Starting ProtocolHandler ["http-nio-8080"]
2020-05-17 18:23:43.067 [restartedMain] INFO  o.s.boot.web.embedded.tomcat.TomcatWebServer - Tomcat started on port(s): 8080 (http) with context path ''
2020-05-17 18:23:43.069 [restartedMain] INFO  com.chaining.iot.WxstcGatewayApplication - Started WxstcGatewayApplication in 4.28 seconds (JVM running for 5.835)
2020-05-17 18:23:43.873 [Thread-18] INFO  com.chaining.iot.nettyserver.netty.NettyServer - Iot started: /0:0:0:0:0:0:0:0:7777
2020-05-17 18:23:54.120 [http-nio-8080-exec-2] INFO  o.a.c.core.ContainerBase.[Tomcat].[localhost].[/] - Initializing Spring DispatcherServlet 'dispatcherServlet'
2020-05-17 18:23:54.120 [http-nio-8080-exec-2] INFO  org.springframework.web.servlet.DispatcherServlet - Initializing Servlet 'dispatcherServlet'
2020-05-17 18:23:54.132 [http-nio-8080-exec-2] INFO  org.springframework.web.servlet.DispatcherServlet - Completed initialization in 12 ms
2020-05-17 18:25:57.494 [restartedMain] INFO  com.chaining.iot.WxstcGatewayApplication - Starting WxstcGatewayApplication on chaining with PID 8400 (D:\workSpaces\idea\wxstcgateway\target\classes started by ningc in D:\workSpaces\idea\wxstcgateway)
2020-05-17 18:25:57.495 [restartedMain] INFO  com.chaining.iot.WxstcGatewayApplication - The following profiles are active: druid
2020-05-17 18:25:59.165 [restartedMain] INFO  o.s.boot.web.embedded.tomcat.TomcatWebServer - Tomcat initialized with port(s): 8080 (http)
2020-05-17 18:25:59.176 [restartedMain] INFO  org.apache.coyote.http11.Http11NioProtocol - Initializing ProtocolHandler ["http-nio-8080"]
2020-05-17 18:25:59.182 [restartedMain] INFO  org.apache.catalina.core.StandardService - Starting service [Tomcat]
2020-05-17 18:25:59.182 [restartedMain] INFO  org.apache.catalina.core.StandardEngine - Starting Servlet engine: [Apache Tomcat/9.0.21]
2020-05-17 18:25:59.187 [restartedMain] INFO  org.apache.catalina.core.AprLifecycleListener - An older version [1.2.16] of the APR based Apache Tomcat Native library is installed, while Tomcat recommends a minimum version of [1.2.21]
2020-05-17 18:25:59.187 [restartedMain] INFO  org.apache.catalina.core.AprLifecycleListener - Loaded APR based Apache Tomcat Native library [1.2.16] using APR version [1.6.3].
2020-05-17 18:25:59.188 [restartedMain] INFO  org.apache.catalina.core.AprLifecycleListener - APR capabilities: IPv6 [true], sendfile [true], accept filters [false], random [true].
2020-05-17 18:25:59.188 [restartedMain] INFO  org.apache.catalina.core.AprLifecycleListener - APR/OpenSSL configuration: useAprConnector [false], useOpenSSL [true]
2020-05-17 18:26:00.238 [restartedMain] INFO  org.apache.catalina.core.AprLifecycleListener - OpenSSL successfully initialized [OpenSSL 1.0.2m  2 Nov 2017]
2020-05-17 18:26:00.319 [restartedMain] INFO  o.a.c.core.ContainerBase.[Tomcat].[localhost].[/] - Initializing Spring embedded WebApplicationContext
2020-05-17 18:26:00.320 [restartedMain] INFO  org.springframework.web.context.ContextLoader - Root WebApplicationContext: initialization completed in 2684 ms
2020-05-17 18:26:00.482 [restartedMain] INFO  c.a.d.s.b.a.DruidDataSourceAutoConfigure - Init DruidDataSource
2020-05-17 18:26:01.006 [restartedMain] INFO  com.alibaba.druid.pool.DruidDataSource - {dataSource-1} inited
2020-05-17 18:26:01.302 [restartedMain] INFO  o.s.scheduling.concurrent.ThreadPoolTaskExecutor - Initializing ExecutorService 'applicationTaskExecutor'
2020-05-17 18:26:01.407 [restartedMain] INFO  o.s.b.a.web.servlet.WelcomePageHandlerMapping - Adding welcome page template: index
2020-05-17 18:26:01.544 [restartedMain] INFO  o.s.b.d.autoconfigure.OptionalLiveReloadServer - LiveReload server is running on port 35729
2020-05-17 18:26:01.574 [restartedMain] INFO  org.apache.coyote.http11.Http11NioProtocol - Starting ProtocolHandler ["http-nio-8080"]
2020-05-17 18:26:01.586 [restartedMain] INFO  o.s.boot.web.embedded.tomcat.TomcatWebServer - Tomcat started on port(s): 8080 (http) with context path ''
2020-05-17 18:26:01.589 [restartedMain] INFO  com.chaining.iot.WxstcGatewayApplication - Started WxstcGatewayApplication in 4.792 seconds (JVM running for 6.316)
2020-05-17 18:26:02.422 [Thread-19] INFO  com.chaining.iot.nettyserver.netty.NettyServer - Iot started: /0:0:0:0:0:0:0:0:7777
2020-05-17 18:26:34.273 [http-nio-8080-exec-2] INFO  o.a.c.core.ContainerBase.[Tomcat].[localhost].[/] - Initializing Spring DispatcherServlet 'dispatcherServlet'
2020-05-17 18:26:34.273 [http-nio-8080-exec-2] INFO  org.springframework.web.servlet.DispatcherServlet - Initializing Servlet 'dispatcherServlet'
2020-05-17 18:26:34.281 [http-nio-8080-exec-2] INFO  org.springframework.web.servlet.DispatcherServlet - Completed initialization in 8 ms
2020-05-17 18:27:08.758 [restartedMain] INFO  com.chaining.iot.WxstcGatewayApplication - Starting WxstcGatewayApplication on chaining with PID 2212 (D:\workSpaces\idea\wxstcgateway\target\classes started by ningc in D:\workSpaces\idea\wxstcgateway)
2020-05-17 18:27:08.759 [restartedMain] INFO  com.chaining.iot.WxstcGatewayApplication - The following profiles are active: druid
2020-05-17 18:27:09.820 [restartedMain] INFO  o.s.boot.web.embedded.tomcat.TomcatWebServer - Tomcat initialized with port(s): 8080 (http)
2020-05-17 18:27:09.833 [restartedMain] INFO  org.apache.coyote.http11.Http11NioProtocol - Initializing ProtocolHandler ["http-nio-8080"]
2020-05-17 18:27:09.841 [restartedMain] INFO  org.apache.catalina.core.StandardService - Starting service [Tomcat]
2020-05-17 18:27:09.841 [restartedMain] INFO  org.apache.catalina.core.StandardEngine - Starting Servlet engine: [Apache Tomcat/9.0.21]
2020-05-17 18:27:09.846 [restartedMain] INFO  org.apache.catalina.core.AprLifecycleListener - An older version [1.2.16] of the APR based Apache Tomcat Native library is installed, while Tomcat recommends a minimum version of [1.2.21]
2020-05-17 18:27:09.846 [restartedMain] INFO  org.apache.catalina.core.AprLifecycleListener - Loaded APR based Apache Tomcat Native library [1.2.16] using APR version [1.6.3].
2020-05-17 18:27:09.846 [restartedMain] INFO  org.apache.catalina.core.AprLifecycleListener - APR capabilities: IPv6 [true], sendfile [true], accept filters [false], random [true].
2020-05-17 18:27:09.847 [restartedMain] INFO  org.apache.catalina.core.AprLifecycleListener - APR/OpenSSL configuration: useAprConnector [false], useOpenSSL [true]
2020-05-17 18:27:10.907 [restartedMain] INFO  org.apache.catalina.core.AprLifecycleListener - OpenSSL successfully initialized [OpenSSL 1.0.2m  2 Nov 2017]
2020-05-17 18:27:10.986 [restartedMain] INFO  o.a.c.core.ContainerBase.[Tomcat].[localhost].[/] - Initializing Spring embedded WebApplicationContext
2020-05-17 18:27:10.986 [restartedMain] INFO  org.springframework.web.context.ContextLoader - Root WebApplicationContext: initialization completed in 2192 ms
2020-05-17 18:27:11.147 [restartedMain] INFO  c.a.d.s.b.a.DruidDataSourceAutoConfigure - Init DruidDataSource
2020-05-17 18:27:11.663 [restartedMain] INFO  com.alibaba.druid.pool.DruidDataSource - {dataSource-1} inited
2020-05-17 18:27:11.954 [restartedMain] INFO  o.s.scheduling.concurrent.ThreadPoolTaskExecutor - Initializing ExecutorService 'applicationTaskExecutor'
2020-05-17 18:27:12.075 [restartedMain] INFO  o.s.b.a.web.servlet.WelcomePageHandlerMapping - Adding welcome page template: index
2020-05-17 18:27:12.211 [restartedMain] INFO  o.s.b.d.autoconfigure.OptionalLiveReloadServer - LiveReload server is running on port 35729
2020-05-17 18:27:12.243 [restartedMain] INFO  org.apache.coyote.http11.Http11NioProtocol - Starting ProtocolHandler ["http-nio-8080"]
2020-05-17 18:27:12.254 [restartedMain] INFO  o.s.boot.web.embedded.tomcat.TomcatWebServer - Tomcat started on port(s): 8080 (http) with context path ''
2020-05-17 18:27:12.256 [restartedMain] INFO  com.chaining.iot.WxstcGatewayApplication - Started WxstcGatewayApplication in 4.039 seconds (JVM running for 5.439)
2020-05-17 18:27:13.019 [Thread-18] INFO  com.chaining.iot.nettyserver.netty.NettyServer - Iot started: /0:0:0:0:0:0:0:0:7777
2020-05-17 18:27:21.240 [http-nio-8080-exec-2] INFO  o.a.c.core.ContainerBase.[Tomcat].[localhost].[/] - Initializing Spring DispatcherServlet 'dispatcherServlet'
2020-05-17 18:27:21.240 [http-nio-8080-exec-2] INFO  org.springframework.web.servlet.DispatcherServlet - Initializing Servlet 'dispatcherServlet'
2020-05-17 18:27:21.252 [http-nio-8080-exec-2] INFO  org.springframework.web.servlet.DispatcherServlet - Completed initialization in 12 ms
2020-05-17 18:30:28.390 [restartedMain] INFO  com.chaining.iot.WxstcGatewayApplication - Starting WxstcGatewayApplication on chaining with PID 10880 (D:\workSpaces\idea\wxstcgateway\target\classes started by ningc in D:\workSpaces\idea\wxstcgateway)
2020-05-17 18:30:28.391 [restartedMain] INFO  com.chaining.iot.WxstcGatewayApplication - The following profiles are active: druid
2020-05-17 18:30:29.488 [restartedMain] INFO  o.s.boot.web.embedded.tomcat.TomcatWebServer - Tomcat initialized with port(s): 8080 (http)
2020-05-17 18:30:29.500 [restartedMain] INFO  org.apache.coyote.http11.Http11NioProtocol - Initializing ProtocolHandler ["http-nio-8080"]
2020-05-17 18:30:29.506 [restartedMain] INFO  org.apache.catalina.core.StandardService - Starting service [Tomcat]
2020-05-17 18:30:29.507 [restartedMain] INFO  org.apache.catalina.core.StandardEngine - Starting Servlet engine: [Apache Tomcat/9.0.21]
2020-05-17 18:30:29.512 [restartedMain] INFO  org.apache.catalina.core.AprLifecycleListener - An older version [1.2.16] of the APR based Apache Tomcat Native library is installed, while Tomcat recommends a minimum version of [1.2.21]
2020-05-17 18:30:29.512 [restartedMain] INFO  org.apache.catalina.core.AprLifecycleListener - Loaded APR based Apache Tomcat Native library [1.2.16] using APR version [1.6.3].
2020-05-17 18:30:29.512 [restartedMain] INFO  org.apache.catalina.core.AprLifecycleListener - APR capabilities: IPv6 [true], sendfile [true], accept filters [false], random [true].
2020-05-17 18:30:29.512 [restartedMain] INFO  org.apache.catalina.core.AprLifecycleListener - APR/OpenSSL configuration: useAprConnector [false], useOpenSSL [true]
2020-05-17 18:30:30.566 [restartedMain] INFO  org.apache.catalina.core.AprLifecycleListener - OpenSSL successfully initialized [OpenSSL 1.0.2m  2 Nov 2017]
2020-05-17 18:30:30.649 [restartedMain] INFO  o.a.c.core.ContainerBase.[Tomcat].[localhost].[/] - Initializing Spring embedded WebApplicationContext
2020-05-17 18:30:30.649 [restartedMain] INFO  org.springframework.web.context.ContextLoader - Root WebApplicationContext: initialization completed in 2220 ms
2020-05-17 18:30:30.834 [restartedMain] INFO  c.a.d.s.b.a.DruidDataSourceAutoConfigure - Init DruidDataSource
2020-05-17 18:30:31.542 [restartedMain] INFO  com.alibaba.druid.pool.DruidDataSource - {dataSource-1} inited
2020-05-17 18:30:31.841 [restartedMain] INFO  o.s.scheduling.concurrent.ThreadPoolTaskExecutor - Initializing ExecutorService 'applicationTaskExecutor'
2020-05-17 18:30:31.948 [restartedMain] INFO  o.s.b.a.web.servlet.WelcomePageHandlerMapping - Adding welcome page template: index
2020-05-17 18:30:32.091 [restartedMain] INFO  o.s.b.d.autoconfigure.OptionalLiveReloadServer - LiveReload server is running on port 35729
2020-05-17 18:30:32.123 [restartedMain] INFO  org.apache.coyote.http11.Http11NioProtocol - Starting ProtocolHandler ["http-nio-8080"]
2020-05-17 18:30:32.135 [restartedMain] INFO  o.s.boot.web.embedded.tomcat.TomcatWebServer - Tomcat started on port(s): 8080 (http) with context path ''
2020-05-17 18:30:32.138 [restartedMain] INFO  com.chaining.iot.WxstcGatewayApplication - Started WxstcGatewayApplication in 4.27 seconds (JVM running for 5.688)
2020-05-17 18:30:32.957 [Thread-18] INFO  com.chaining.iot.nettyserver.netty.NettyServer - Iot started: /0:0:0:0:0:0:0:0:7777
2020-05-17 18:30:37.396 [http-nio-8080-exec-2] INFO  o.a.c.core.ContainerBase.[Tomcat].[localhost].[/] - Initializing Spring DispatcherServlet 'dispatcherServlet'
2020-05-17 18:30:37.396 [http-nio-8080-exec-2] INFO  org.springframework.web.servlet.DispatcherServlet - Initializing Servlet 'dispatcherServlet'
2020-05-17 18:30:37.404 [http-nio-8080-exec-2] INFO  org.springframework.web.servlet.DispatcherServlet - Completed initialization in 7 ms
2020-05-17 18:49:35.390 [restartedMain] INFO  com.chaining.iot.WxstcGatewayApplication - Starting WxstcGatewayApplication on chaining with PID 16956 (D:\workSpaces\idea\wxstcgateway\target\classes started by ningc in D:\workSpaces\idea\wxstcgateway)
2020-05-17 18:49:35.391 [restartedMain] INFO  com.chaining.iot.WxstcGatewayApplication - The following profiles are active: druid
2020-05-17 18:49:36.452 [restartedMain] INFO  o.s.boot.web.embedded.tomcat.TomcatWebServer - Tomcat initialized with port(s): 8080 (http)
2020-05-17 18:49:36.464 [restartedMain] INFO  org.apache.coyote.http11.Http11NioProtocol - Initializing ProtocolHandler ["http-nio-8080"]
2020-05-17 18:49:36.481 [restartedMain] INFO  org.apache.catalina.core.StandardService - Starting service [Tomcat]
2020-05-17 18:49:36.481 [restartedMain] INFO  org.apache.catalina.core.StandardEngine - Starting Servlet engine: [Apache Tomcat/9.0.21]
2020-05-17 18:49:36.486 [restartedMain] INFO  org.apache.catalina.core.AprLifecycleListener - An older version [1.2.16] of the APR based Apache Tomcat Native library is installed, while Tomcat recommends a minimum version of [1.2.21]
2020-05-17 18:49:36.486 [restartedMain] INFO  org.apache.catalina.core.AprLifecycleListener - Loaded APR based Apache Tomcat Native library [1.2.16] using APR version [1.6.3].
2020-05-17 18:49:36.486 [restartedMain] INFO  org.apache.catalina.core.AprLifecycleListener - APR capabilities: IPv6 [true], sendfile [true], accept filters [false], random [true].
2020-05-17 18:49:36.486 [restartedMain] INFO  org.apache.catalina.core.AprLifecycleListener - APR/OpenSSL configuration: useAprConnector [false], useOpenSSL [true]
2020-05-17 18:49:37.553 [restartedMain] INFO  org.apache.catalina.core.AprLifecycleListener - OpenSSL successfully initialized [OpenSSL 1.0.2m  2 Nov 2017]
2020-05-17 18:49:37.641 [restartedMain] INFO  o.a.c.core.ContainerBase.[Tomcat].[localhost].[/] - Initializing Spring embedded WebApplicationContext
2020-05-17 18:49:37.642 [restartedMain] INFO  org.springframework.web.context.ContextLoader - Root WebApplicationContext: initialization completed in 2219 ms
2020-05-17 18:49:37.813 [restartedMain] INFO  c.a.d.s.b.a.DruidDataSourceAutoConfigure - Init DruidDataSource
2020-05-17 18:49:38.370 [restartedMain] INFO  com.alibaba.druid.pool.DruidDataSource - {dataSource-1} inited
2020-05-17 18:49:38.657 [restartedMain] INFO  o.s.scheduling.concurrent.ThreadPoolTaskExecutor - Initializing ExecutorService 'applicationTaskExecutor'
2020-05-17 18:49:38.759 [restartedMain] INFO  o.s.b.a.web.servlet.WelcomePageHandlerMapping - Adding welcome page template: index
2020-05-17 18:49:38.885 [restartedMain] INFO  o.s.b.d.autoconfigure.OptionalLiveReloadServer - LiveReload server is running on port 35729
2020-05-17 18:49:38.917 [restartedMain] INFO  org.apache.coyote.http11.Http11NioProtocol - Starting ProtocolHandler ["http-nio-8080"]
2020-05-17 18:49:38.930 [restartedMain] INFO  o.s.boot.web.embedded.tomcat.TomcatWebServer - Tomcat started on port(s): 8080 (http) with context path ''
2020-05-17 18:49:38.933 [restartedMain] INFO  com.chaining.iot.WxstcGatewayApplication - Started WxstcGatewayApplication in 3.961 seconds (JVM running for 5.864)
2020-05-17 18:49:39.717 [Thread-16] INFO  com.chaining.iot.nettyserver.netty.NettyServer - Iot started: /0:0:0:0:0:0:0:0:7777
2020-05-17 18:49:43.092 [http-nio-8080-exec-2] INFO  o.a.c.core.ContainerBase.[Tomcat].[localhost].[/] - Initializing Spring DispatcherServlet 'dispatcherServlet'
2020-05-17 18:49:43.093 [http-nio-8080-exec-2] INFO  org.springframework.web.servlet.DispatcherServlet - Initializing Servlet 'dispatcherServlet'
2020-05-17 18:49:43.105 [http-nio-8080-exec-2] INFO  org.springframework.web.servlet.DispatcherServlet - Completed initialization in 12 ms
