2020-05-19 21:52:57.454 [restartedMain] INFO  com.chaining.iot.WxstcGatewayApplication - Starting WxstcGatewayApplication on chaining with PID 20356 (D:\workSpaces\idea\wxstcgateway\target\classes started by ningc in D:\workSpaces\idea\wxstcgateway)
2020-05-19 21:52:57.485 [restartedMain] INFO  com.chaining.iot.WxstcGatewayApplication - The following profiles are active: druid
2020-05-19 21:52:59.702 [restartedMain] INFO  o.s.boot.web.embedded.tomcat.TomcatWebServer - Tomcat initialized with port(s): 8080 (http)
2020-05-19 21:52:59.718 [restartedMain] INFO  org.apache.coyote.http11.Http11NioProtocol - Initializing ProtocolHandler ["http-nio-8080"]
2020-05-19 21:52:59.731 [restartedMain] INFO  org.apache.catalina.core.StandardService - Starting service [Tomcat]
2020-05-19 21:52:59.731 [restartedMain] INFO  org.apache.catalina.core.StandardEngine - Starting Servlet engine: [Apache Tomcat/9.0.21]
2020-05-19 21:52:59.737 [restartedMain] INFO  org.apache.catalina.core.AprLifecycleListener - An older version [1.2.16] of the APR based Apache Tomcat Native library is installed, while Tomcat recommends a minimum version of [1.2.21]
2020-05-19 21:52:59.737 [restartedMain] INFO  org.apache.catalina.core.AprLifecycleListener - Loaded APR based Apache Tomcat Native library [1.2.16] using APR version [1.6.3].
2020-05-19 21:52:59.737 [restartedMain] INFO  org.apache.catalina.core.AprLifecycleListener - APR capabilities: IPv6 [true], sendfile [true], accept filters [false], random [true].
2020-05-19 21:52:59.737 [restartedMain] INFO  org.apache.catalina.core.AprLifecycleListener - APR/OpenSSL configuration: useAprConnector [false], useOpenSSL [true]
2020-05-19 21:53:00.802 [restartedMain] INFO  org.apache.catalina.core.AprLifecycleListener - OpenSSL successfully initialized [OpenSSL 1.0.2m  2 Nov 2017]
2020-05-19 21:53:00.891 [restartedMain] INFO  o.a.c.core.ContainerBase.[Tomcat].[localhost].[/] - Initializing Spring embedded WebApplicationContext
2020-05-19 21:53:00.891 [restartedMain] INFO  org.springframework.web.context.ContextLoader - Root WebApplicationContext: initialization completed in 3258 ms
2020-05-19 21:53:01.198 [restartedMain] INFO  c.a.d.s.b.a.DruidDataSourceAutoConfigure - Init DruidDataSource
2020-05-19 21:53:02.010 [restartedMain] INFO  com.alibaba.druid.pool.DruidDataSource - {dataSource-1} inited
2020-05-19 21:53:02.539 [restartedMain] INFO  o.s.scheduling.concurrent.ThreadPoolTaskExecutor - Initializing ExecutorService 'applicationTaskExecutor'
2020-05-19 21:53:02.735 [restartedMain] INFO  o.s.b.a.web.servlet.WelcomePageHandlerMapping - Adding welcome page template: index
2020-05-19 21:53:02.923 [restartedMain] INFO  o.s.b.d.autoconfigure.OptionalLiveReloadServer - LiveReload server is running on port 35729
2020-05-19 21:53:02.974 [restartedMain] INFO  org.apache.coyote.http11.Http11NioProtocol - Starting ProtocolHandler ["http-nio-8080"]
2020-05-19 21:53:02.998 [restartedMain] INFO  o.s.boot.web.embedded.tomcat.TomcatWebServer - Tomcat started on port(s): 8080 (http) with context path ''
2020-05-19 21:53:03.001 [restartedMain] INFO  com.chaining.iot.WxstcGatewayApplication - Started WxstcGatewayApplication in 6.475 seconds (JVM running for 8.357)
2020-05-19 21:53:03.982 [Thread-20] INFO  com.chaining.iot.nettyserver.netty.NettyServer - Iot started: /0:0:0:0:0:0:0:0:7777
2020-05-19 21:53:26.870 [nioEventLoopGroup-5-1] INFO  c.c.iot.nettyserver.handler.NettyServerHandler - [id: 0x91f4b252, L:/127.0.0.1:7777 - R:/127.0.0.1:6356] client registered...
2020-05-19 21:53:26.879 [nioEventLoopGroup-5-1] INFO  c.c.iot.nettyserver.handler.NettyServerHandler - [id: 0x91f4b252, L:/127.0.0.1:7777 - R:/127.0.0.1:6356] connect open
2020-05-19 21:53:28.285 [pool-2-thread-1] INFO  c.c.iot.nettyserver.process.ReceiveProcessTask - bind unitId:11 to channel:[id: 0x91f4b252, L:/127.0.0.1:7777 - R:/127.0.0.1:6356]
2020-05-19 21:53:29.282 [nioEventLoopGroup-5-1] INFO  com.chaining.iot.nettyserver.handler.EncodeHandler - Send HEX DATA:[7B,81,00,07,7B,00,50,01] to UNIT_ID:11 CHANNEL: [id: 0x91f4b252, L:/127.0.0.1:7777 - R:/127.0.0.1:6356]
2020-05-19 21:53:38.820 [http-nio-8080-exec-2] INFO  o.a.c.core.ContainerBase.[Tomcat].[localhost].[/] - Initializing Spring DispatcherServlet 'dispatcherServlet'
2020-05-19 21:53:38.820 [http-nio-8080-exec-2] INFO  org.springframework.web.servlet.DispatcherServlet - Initializing Servlet 'dispatcherServlet'
2020-05-19 21:53:38.827 [http-nio-8080-exec-2] INFO  org.springframework.web.servlet.DispatcherServlet - Completed initialization in 7 ms
2020-05-19 21:53:38.979 [nioEventLoopGroup-5-1] INFO  com.chaining.iot.nettyserver.handler.EncodeHandler - Send HEX DATA:[7B,81,00,09,7B,01,00,00,E8,E7] to UNIT_ID:11 CHANNEL: [id: 0x91f4b252, L:/127.0.0.1:7777 - R:/127.0.0.1:6356]
2020-05-19 21:54:00.812 [nioEventLoopGroup-5-1] INFO  com.chaining.iot.nettyserver.handler.EncodeHandler - Send HEX DATA:[7B,81,00,09,7B,01,00,00,E8,E7] to UNIT_ID:11 CHANNEL: [id: 0x91f4b252, L:/127.0.0.1:7777 - R:/127.0.0.1:6356]
2020-05-19 22:49:57.126 [restartedMain] INFO  com.chaining.iot.WxstcGatewayApplication - Starting WxstcGatewayApplication on chaining with PID 19324 (D:\workSpaces\idea\wxstcgateway\target\classes started by ningc in D:\workSpaces\idea\wxstcgateway)
2020-05-19 22:49:57.127 [restartedMain] INFO  com.chaining.iot.WxstcGatewayApplication - The following profiles are active: druid
2020-05-19 22:49:58.224 [restartedMain] INFO  o.s.boot.web.embedded.tomcat.TomcatWebServer - Tomcat initialized with port(s): 8080 (http)
2020-05-19 22:49:58.234 [restartedMain] INFO  org.apache.coyote.http11.Http11NioProtocol - Initializing ProtocolHandler ["http-nio-8080"]
2020-05-19 22:49:58.241 [restartedMain] INFO  org.apache.catalina.core.StandardService - Starting service [Tomcat]
2020-05-19 22:49:58.241 [restartedMain] INFO  org.apache.catalina.core.StandardEngine - Starting Servlet engine: [Apache Tomcat/9.0.21]
2020-05-19 22:49:58.246 [restartedMain] INFO  org.apache.catalina.core.AprLifecycleListener - An older version [1.2.16] of the APR based Apache Tomcat Native library is installed, while Tomcat recommends a minimum version of [1.2.21]
2020-05-19 22:49:58.246 [restartedMain] INFO  org.apache.catalina.core.AprLifecycleListener - Loaded APR based Apache Tomcat Native library [1.2.16] using APR version [1.6.3].
2020-05-19 22:49:58.246 [restartedMain] INFO  org.apache.catalina.core.AprLifecycleListener - APR capabilities: IPv6 [true], sendfile [true], accept filters [false], random [true].
2020-05-19 22:49:58.247 [restartedMain] INFO  org.apache.catalina.core.AprLifecycleListener - APR/OpenSSL configuration: useAprConnector [false], useOpenSSL [true]
2020-05-19 22:49:59.300 [restartedMain] INFO  org.apache.catalina.core.AprLifecycleListener - OpenSSL successfully initialized [OpenSSL 1.0.2m  2 Nov 2017]
2020-05-19 22:49:59.377 [restartedMain] INFO  o.a.c.core.ContainerBase.[Tomcat].[localhost].[/] - Initializing Spring embedded WebApplicationContext
2020-05-19 22:49:59.377 [restartedMain] INFO  org.springframework.web.context.ContextLoader - Root WebApplicationContext: initialization completed in 2211 ms
2020-05-19 22:49:59.519 [restartedMain] INFO  c.a.d.s.b.a.DruidDataSourceAutoConfigure - Init DruidDataSource
2020-05-19 22:50:00.018 [restartedMain] INFO  com.alibaba.druid.pool.DruidDataSource - {dataSource-1} inited
2020-05-19 22:50:00.308 [restartedMain] INFO  o.s.scheduling.concurrent.ThreadPoolTaskExecutor - Initializing ExecutorService 'applicationTaskExecutor'
2020-05-19 22:50:00.429 [restartedMain] INFO  o.s.b.a.web.servlet.WelcomePageHandlerMapping - Adding welcome page template: index
2020-05-19 22:50:00.586 [restartedMain] INFO  o.s.b.d.autoconfigure.OptionalLiveReloadServer - LiveReload server is running on port 35729
2020-05-19 22:50:00.619 [restartedMain] INFO  org.apache.coyote.http11.Http11NioProtocol - Starting ProtocolHandler ["http-nio-8080"]
2020-05-19 22:50:00.631 [restartedMain] INFO  o.s.boot.web.embedded.tomcat.TomcatWebServer - Tomcat started on port(s): 8080 (http) with context path ''
2020-05-19 22:50:00.634 [restartedMain] INFO  com.chaining.iot.WxstcGatewayApplication - Started WxstcGatewayApplication in 3.978 seconds (JVM running for 5.502)
2020-05-19 22:50:02.042 [Thread-18] INFO  com.chaining.iot.nettyserver.netty.NettyServer - Iot started: /0:0:0:0:0:0:0:0:7777
2020-05-19 22:50:14.156 [http-nio-8080-exec-1] INFO  org.apache.tomcat.util.http.parser.Cookie - A cookie header was received [1586251504; Hm_lvt_b393d153aeb26b46e9431fabaf0f6190=1588605915] that contained an invalid cookie. That cookie will be ignored.
 Note: further occurrences of this error will be logged at DEBUG level.
2020-05-19 22:50:14.161 [http-nio-8080-exec-1] INFO  o.a.c.core.ContainerBase.[Tomcat].[localhost].[/] - Initializing Spring DispatcherServlet 'dispatcherServlet'
2020-05-19 22:50:14.162 [http-nio-8080-exec-1] INFO  org.springframework.web.servlet.DispatcherServlet - Initializing Servlet 'dispatcherServlet'
2020-05-19 22:50:14.168 [http-nio-8080-exec-1] INFO  org.springframework.web.servlet.DispatcherServlet - Completed initialization in 6 ms
2020-05-19 22:51:34.702 [restartedMain] INFO  com.chaining.iot.WxstcGatewayApplication - Starting WxstcGatewayApplication on chaining with PID 8700 (D:\workSpaces\idea\wxstcgateway\target\classes started by ningc in D:\workSpaces\idea\wxstcgateway)
2020-05-19 22:51:34.703 [restartedMain] INFO  com.chaining.iot.WxstcGatewayApplication - The following profiles are active: druid
2020-05-19 22:51:35.796 [restartedMain] INFO  o.s.boot.web.embedded.tomcat.TomcatWebServer - Tomcat initialized with port(s): 8080 (http)
2020-05-19 22:51:35.808 [restartedMain] INFO  org.apache.coyote.http11.Http11NioProtocol - Initializing ProtocolHandler ["http-nio-8080"]
2020-05-19 22:51:35.815 [restartedMain] INFO  org.apache.catalina.core.StandardService - Starting service [Tomcat]
2020-05-19 22:51:35.816 [restartedMain] INFO  org.apache.catalina.core.StandardEngine - Starting Servlet engine: [Apache Tomcat/9.0.21]
2020-05-19 22:51:35.820 [restartedMain] INFO  org.apache.catalina.core.AprLifecycleListener - An older version [1.2.16] of the APR based Apache Tomcat Native library is installed, while Tomcat recommends a minimum version of [1.2.21]
2020-05-19 22:51:35.821 [restartedMain] INFO  org.apache.catalina.core.AprLifecycleListener - Loaded APR based Apache Tomcat Native library [1.2.16] using APR version [1.6.3].
2020-05-19 22:51:35.821 [restartedMain] INFO  org.apache.catalina.core.AprLifecycleListener - APR capabilities: IPv6 [true], sendfile [true], accept filters [false], random [true].
2020-05-19 22:51:35.821 [restartedMain] INFO  org.apache.catalina.core.AprLifecycleListener - APR/OpenSSL configuration: useAprConnector [false], useOpenSSL [true]
2020-05-19 22:51:36.876 [restartedMain] INFO  org.apache.catalina.core.AprLifecycleListener - OpenSSL successfully initialized [OpenSSL 1.0.2m  2 Nov 2017]
2020-05-19 22:51:36.957 [restartedMain] INFO  o.a.c.core.ContainerBase.[Tomcat].[localhost].[/] - Initializing Spring embedded WebApplicationContext
2020-05-19 22:51:36.957 [restartedMain] INFO  org.springframework.web.context.ContextLoader - Root WebApplicationContext: initialization completed in 2214 ms
2020-05-19 22:51:37.112 [restartedMain] INFO  c.a.d.s.b.a.DruidDataSourceAutoConfigure - Init DruidDataSource
2020-05-19 22:51:37.625 [restartedMain] INFO  com.alibaba.druid.pool.DruidDataSource - {dataSource-1} inited
2020-05-19 22:51:37.917 [restartedMain] INFO  o.s.scheduling.concurrent.ThreadPoolTaskExecutor - Initializing ExecutorService 'applicationTaskExecutor'
2020-05-19 22:51:38.027 [restartedMain] INFO  o.s.b.a.web.servlet.WelcomePageHandlerMapping - Adding welcome page template: index
2020-05-19 22:51:38.158 [restartedMain] INFO  o.s.b.d.autoconfigure.OptionalLiveReloadServer - LiveReload server is running on port 35729
2020-05-19 22:51:38.187 [restartedMain] INFO  org.apache.coyote.http11.Http11NioProtocol - Starting ProtocolHandler ["http-nio-8080"]
2020-05-19 22:51:38.198 [restartedMain] INFO  o.s.boot.web.embedded.tomcat.TomcatWebServer - Tomcat started on port(s): 8080 (http) with context path ''
2020-05-19 22:51:38.200 [restartedMain] INFO  com.chaining.iot.WxstcGatewayApplication - Started WxstcGatewayApplication in 4.008 seconds (JVM running for 5.247)
2020-05-19 22:51:39.034 [Thread-17] INFO  com.chaining.iot.nettyserver.netty.NettyServer - Iot started: /0:0:0:0:0:0:0:0:7777
2020-05-19 22:51:44.127 [http-nio-8080-exec-1] INFO  org.apache.tomcat.util.http.parser.Cookie - A cookie header was received [1586251504; Hm_lvt_b393d153aeb26b46e9431fabaf0f6190=1588605915] that contained an invalid cookie. That cookie will be ignored.
 Note: further occurrences of this error will be logged at DEBUG level.
2020-05-19 22:51:44.133 [http-nio-8080-exec-1] INFO  o.a.c.core.ContainerBase.[Tomcat].[localhost].[/] - Initializing Spring DispatcherServlet 'dispatcherServlet'
2020-05-19 22:51:44.133 [http-nio-8080-exec-1] INFO  org.springframework.web.servlet.DispatcherServlet - Initializing Servlet 'dispatcherServlet'
2020-05-19 22:51:44.140 [http-nio-8080-exec-1] INFO  org.springframework.web.servlet.DispatcherServlet - Completed initialization in 7 ms
